2025-08-13 13:10:15,052 - db_helper - INFO - fetch_expense_for_date called with 2024-08-01
2025-08-13 13:10:15,160 - db_helper - INFO - fetch_expense_summary called with start_date: 2024-08-01 end_date: 2024-08-05
2025-08-13 13:11:50,687 - db_helper - INFO - fetch_expense_for_date called with 2024-09-30
2025-08-13 13:11:50,717 - db_helper - INFO - fetch_expense_summary called with start_date: 2024-08-01 end_date: 2024-08-05
2025-08-13 13:14:00,209 - db_helper - INFO - fetch_expense_for_date called with 2024-09-30
2025-08-13 13:14:00,237 - db_helper - INFO - fetch_expense_summary called with start_date: 2024-08-01 end_date: 2024-08-05
2025-08-13 13:14:30,853 - db_helper - INFO - fetch_expense_for_date called with 2024-09-30
2025-08-13 13:14:30,916 - db_helper - INFO - fetch_expense_summary called with start_date: 2024-08-01 end_date: 2024-08-05
2025-08-13 13:14:34,142 - db_helper - INFO - fetch_expense_for_date called with 2024-09-30
2025-08-13 13:14:34,244 - db_helper - INFO - fetch_expense_summary called with start_date: 2024-08-01 end_date: 2024-08-05
2025-08-13 13:37:57,665 - db_helper - INFO - fetch_expense_for_date called with 2024-08-01
2025-08-13 13:38:25,374 - db_helper - INFO - fetch_expense_for_date called with 2024-08-01
2025-08-13 13:39:27,620 - db_helper - INFO - delete_expense_for_date called with 2024-08-28
2025-08-13 13:39:27,631 - db_helper - INFO - insert_expense called with 2024-08-28
2025-08-13 13:40:20,181 - db_helper - INFO - delete_expense_for_date called with 2024-08-28
2025-08-13 13:40:20,194 - db_helper - INFO - insert_expense called with 2024-08-28
2025-08-13 22:29:42,595 - db_helper - INFO - fetch_expense_for_date called with 2024-08-01
2025-08-13 22:29:46,194 - db_helper - INFO - fetch_expense_for_date called with 2024-08-22
2025-08-13 22:29:50,407 - db_helper - INFO - fetch_expense_for_date called with 2024-08-06
2025-08-13 22:30:06,348 - db_helper - INFO - fetch_expense_for_date called with 2024-08-06
2025-08-13 22:30:09,702 - db_helper - INFO - fetch_expense_for_date called with 2024-08-01
2025-08-13 22:39:44,603 - db_helper - INFO - fetch_expense_for_date called with 2024-08-02
2025-08-13 22:40:37,500 - db_helper - INFO - fetch_expense_for_date called with 2024-08-02
2025-08-13 22:41:34,564 - db_helper - INFO - fetch_expense_for_date called with 2024-08-01
2025-08-13 22:41:50,416 - db_helper - INFO - fetch_expense_for_date called with 2024-08-02
2025-08-13 22:42:00,723 - db_helper - INFO - fetch_expense_for_date called with 2024-08-01
2025-08-13 22:53:01,260 - db_helper - INFO - fetch_expense_for_date called with 2024-08-01
2025-08-13 22:53:47,819 - db_helper - INFO - fetch_expense_for_date called with 2024-08-01
2025-08-13 22:54:02,694 - db_helper - INFO - fetch_expense_for_date called with 2024-08-01
2025-08-13 22:54:15,653 - db_helper - INFO - fetch_expense_for_date called with 2024-08-01
2025-08-13 22:56:48,866 - db_helper - INFO - fetch_expense_for_date called with 2024-08-01
2025-08-13 22:57:39,288 - db_helper - INFO - fetch_expense_for_date called with 2024-08-01
2025-08-13 22:57:49,676 - db_helper - INFO - fetch_expense_for_date called with 2024-08-01
2025-08-13 22:58:28,612 - db_helper - INFO - fetch_expense_for_date called with 2024-08-01
2025-08-13 22:58:40,962 - db_helper - INFO - fetch_expense_for_date called with 2024-08-01
2025-08-13 22:59:14,986 - db_helper - INFO - fetch_expense_for_date called with 2024-08-01
2025-08-13 22:59:31,900 - db_helper - INFO - fetch_expense_for_date called with 2024-08-08
2025-08-13 22:59:40,985 - db_helper - INFO - fetch_expense_for_date called with 2024-08-02
2025-08-13 23:00:00,992 - db_helper - INFO - fetch_expense_for_date called with 2024-08-02
2025-08-13 23:00:11,046 - db_helper - INFO - fetch_expense_for_date called with 2024-08-02
2025-08-13 23:00:23,780 - db_helper - INFO - fetch_expense_for_date called with 2024-08-02
2025-08-13 23:00:36,489 - db_helper - INFO - fetch_expense_for_date called with 2024-08-02
2025-08-13 23:02:02,459 - db_helper - INFO - fetch_expense_for_date called with 2024-08-02
2025-08-13 23:03:12,941 - db_helper - INFO - fetch_expense_for_date called with 2024-08-02
2025-08-13 23:06:37,975 - db_helper - INFO - fetch_expense_for_date called with 2024-08-02
2025-08-13 23:07:28,067 - db_helper - INFO - fetch_expense_for_date called with 2024-08-02
2025-08-14 10:57:58,125 - db_helper - INFO - fetch_expense_for_date called with 2024-08-02
2025-08-14 10:58:13,767 - db_helper - INFO - fetch_expense_for_date called with 2024-08-01
2025-08-14 10:58:25,181 - db_helper - INFO - fetch_expense_for_date called with 2024-08-02
2025-08-14 10:58:32,640 - db_helper - INFO - fetch_expense_for_date called with 2024-08-08
2025-08-14 10:58:37,777 - db_helper - INFO - fetch_expense_for_date called with 2024-08-07
2025-08-14 10:58:42,963 - db_helper - INFO - fetch_expense_for_date called with 2024-08-15
2025-08-14 10:58:51,061 - db_helper - INFO - fetch_expense_for_date called with 2024-08-01
2025-08-14 11:00:08,459 - db_helper - INFO - fetch_expense_for_date called with 2024-08-02
2025-08-14 11:01:57,047 - db_helper - INFO - fetch_expense_for_date called with 2024-08-02
2025-08-14 11:02:14,218 - db_helper - INFO - fetch_expense_for_date called with 2024-08-02
2025-08-14 11:04:24,519 - db_helper - INFO - fetch_expense_for_date called with 2024-08-02
2025-08-14 11:05:01,808 - db_helper - INFO - fetch_expense_for_date called with 2024-08-15
2025-08-14 11:05:10,754 - db_helper - INFO - fetch_expense_for_date called with 2024-08-01
2025-08-14 11:05:22,766 - db_helper - INFO - fetch_expense_for_date called with 2024-08-07
2025-08-14 11:05:40,048 - db_helper - INFO - fetch_expense_for_date called with 2024-08-07
2025-08-14 11:10:14,927 - db_helper - INFO - fetch_expense_for_date called with 2024-08-07
2025-08-14 11:15:51,103 - db_helper - INFO - fetch_expense_for_date called with 2024-08-07
2025-08-14 11:16:49,164 - db_helper - INFO - fetch_expense_for_date called with 2024-08-07
2025-08-14 11:16:51,301 - db_helper - INFO - delete_expense_for_date called with 2024-08-07
2025-08-14 11:17:42,736 - db_helper - INFO - fetch_expense_for_date called with 2024-08-07
2025-08-14 11:17:44,881 - db_helper - INFO - delete_expense_for_date called with 2024-08-07
2025-08-14 11:18:29,444 - db_helper - INFO - fetch_expense_for_date called with 2024-08-01
2025-08-14 11:18:34,895 - db_helper - INFO - fetch_expense_for_date called with 2024-08-07
2025-08-14 11:20:35,745 - db_helper - INFO - fetch_expense_for_date called with 2024-08-07
2025-08-14 11:20:37,870 - db_helper - INFO - delete_expense_for_date called with 2024-08-07
2025-08-14 11:22:11,450 - db_helper - INFO - fetch_expense_for_date called with 2024-08-01
2025-08-14 11:22:17,601 - db_helper - INFO - fetch_expense_for_date called with 2024-08-07
2025-08-14 11:22:38,919 - db_helper - INFO - fetch_expense_for_date called with 2024-08-07
2025-08-14 11:22:41,037 - db_helper - INFO - delete_expense_for_date called with 2024-08-07
2025-08-14 11:32:14,764 - db_helper - INFO - fetch_expense_for_date called with 2024-08-07
2025-08-14 11:32:16,895 - db_helper - INFO - delete_expense_for_date called with 2024-08-07
2025-08-14 11:32:16,907 - db_helper - INFO - insert_expense called with 2024-08-07
2025-08-14 11:32:16,932 - db_helper - INFO - insert_expense called with 2024-08-07
2025-08-14 11:32:16,948 - db_helper - INFO - insert_expense called with 2024-08-07
2025-08-14 11:45:38,622 - db_helper - INFO - fetch_expense_summary called with start_date: 2024-08-01 end_date: 2024-08-05
2025-08-14 11:51:15,742 - db_helper - INFO - fetch_expense_summary called with start_date: 2024-08-01 end_date: 2024-08-05
2025-08-14 12:40:16,163 - db_helper - INFO - fetch_expense_summary called with start_date: 2024-08-01 end_date: 2024-08-05
2025-08-14 12:41:07,293 - db_helper - INFO - fetch_expense_summary called with start_date: 2024-08-01 end_date: 2024-08-05
2025-08-14 12:42:57,481 - db_helper - INFO - fetch_expense_summary called with start_date: 2024-08-01 end_date: 2024-08-05
2025-08-14 13:00:01,049 - db_helper - INFO - fetch_expense_for_date called with 2024-08-07
2025-08-14 13:00:08,109 - db_helper - INFO - fetch_expense_for_date called with 2024-08-07
2025-08-14 13:01:38,586 - db_helper - INFO - fetch_expense_for_date called with 2024-08-07
2025-08-14 13:05:47,083 - db_helper - INFO - fetch_expense_for_date called with 2024-08-07
2025-08-14 13:05:50,372 - db_helper - INFO - fetch_expense_for_date called with 2024-08-07
2025-08-14 13:06:41,141 - db_helper - INFO - fetch_expense_for_date called with 2024-08-07
2025-08-14 13:06:44,590 - db_helper - INFO - fetch_expense_for_date called with 2024-08-07
2025-08-14 13:07:37,760 - db_helper - INFO - fetch_expense_for_date called with 2024-08-07
2025-08-14 13:07:41,533 - db_helper - INFO - fetch_expense_for_date called with 2024-08-07
2025-08-14 13:07:43,657 - db_helper - INFO - fetch_expense_summary called with start_date: 2024-08-01 end_date: 2024-08-05
2025-08-14 13:13:47,258 - db_helper - INFO - fetch_expense_for_date called with 2024-08-07
2025-08-14 13:13:51,217 - db_helper - INFO - fetch_expense_for_date called with 2024-08-07
2025-08-14 13:13:53,352 - db_helper - INFO - fetch_expense_summary called with start_date: 2024-08-01 end_date: 2024-08-05
2025-08-14 13:14:58,660 - db_helper - INFO - fetch_expense_for_date called with 2024-08-07
2025-08-14 13:15:02,812 - db_helper - INFO - fetch_expense_for_date called with 2024-08-07
2025-08-14 13:15:04,941 - db_helper - INFO - fetch_expense_summary called with start_date: 2024-08-01 end_date: 2024-08-05
2025-08-14 13:16:49,486 - db_helper - INFO - fetch_expense_for_date called with 2024-08-07
2025-08-14 13:16:52,948 - db_helper - INFO - fetch_expense_for_date called with 2024-08-07
2025-08-14 13:16:55,059 - db_helper - INFO - fetch_expense_summary called with start_date: 2024-08-01 end_date: 2024-08-05
2025-08-14 13:18:58,427 - db_helper - INFO - fetch_expense_for_date called with 2024-08-07
2025-08-14 13:19:02,520 - db_helper - INFO - fetch_expense_for_date called with 2024-08-07
2025-08-14 13:19:04,638 - db_helper - INFO - fetch_expense_summary called with start_date: 2024-08-01 end_date: 2024-08-05
2025-08-14 13:22:32,593 - db_helper - INFO - fetch_expense_for_date called with 2024-08-07
2025-08-14 13:22:36,851 - db_helper - INFO - fetch_expense_for_date called with 2024-08-07
2025-08-14 13:22:38,928 - db_helper - INFO - fetch_expense_summary called with start_date: 2024-08-01 end_date: 2024-08-05
2025-08-14 13:24:31,091 - db_helper - INFO - fetch_expense_for_date called with 2024-08-07
2025-08-14 13:24:34,791 - db_helper - INFO - fetch_expense_for_date called with 2024-08-07
2025-08-14 13:24:36,926 - db_helper - INFO - fetch_expense_summary called with start_date: 2024-08-01 end_date: 2024-08-05
2025-08-14 13:24:55,963 - db_helper - INFO - fetch_expense_for_date called with 2024-08-07
2025-08-14 13:24:59,433 - db_helper - INFO - fetch_expense_for_date called with 2024-08-07
2025-08-14 13:25:01,582 - db_helper - INFO - fetch_expense_summary called with start_date: 2024-08-01 end_date: 2024-08-05
2025-08-14 13:28:49,212 - db_helper - INFO - fetch_expense_for_date called with 2024-08-07
2025-08-14 13:28:52,944 - db_helper - INFO - fetch_expense_for_date called with 2024-08-07
2025-08-14 13:28:55,056 - db_helper - INFO - fetch_expense_summary called with start_date: 2024-08-01 end_date: 2024-08-05
2025-08-14 13:30:09,563 - db_helper - INFO - fetch_expense_for_date called with 2024-08-01
2025-08-14 14:51:25,638 - db_helper - INFO - fetch_expense_for_date called with 2024-08-01
2025-08-14 14:59:13,856 - db_helper - INFO - fetch_expense_for_date called with 2024-08-01
2025-08-14 14:59:49,403 - db_helper - INFO - fetch_expense_for_date called with 2024-08-01
2025-08-14 15:01:14,012 - db_helper - INFO - fetch_expense_for_date called with 2024-08-01
2025-08-14 15:01:16,167 - db_helper - INFO - fetch_expense_summary called with start_date: 2024-08-01 end_date: 2024-08-05
2025-08-14 15:03:27,893 - db_helper - INFO - fetch_expense_for_date called with 2024-08-01
2025-08-14 15:03:48,203 - db_helper - INFO - fetch_expense_for_date called with 2024-08-01
2025-08-14 15:04:10,662 - db_helper - INFO - fetch_expense_for_date called with 2024-08-01
2025-08-14 15:04:12,743 - db_helper - INFO - fetch_expense_summary called with start_date: 2024-08-01 end_date: 2024-08-05
2025-08-14 16:17:52,346 - db_helper - INFO - fetch_expense_for_date called with 2024-08-01
2025-08-14 16:18:10,555 - db_helper - INFO - fetch_expense_for_date called with 2024-08-01
2025-08-14 16:19:18,395 - db_helper - INFO - fetch_expense_for_date called with 2024-08-01
2025-08-14 16:19:22,366 - db_helper - INFO - fetch_expense_for_date called with 2024-08-01
2025-08-14 16:19:24,477 - db_helper - INFO - fetch_expense_summary called with start_date: 2024-08-01 end_date: 2024-08-05
2025-08-14 16:20:51,586 - db_helper - INFO - fetch_expense_for_date called with 2024-08-01
2025-08-14 16:26:24,482 - db_helper - INFO - fetch_expense_for_date called with 2024-08-01
2025-08-14 16:29:55,802 - db_helper - INFO - fetch_expense_for_date called with 2024-08-01
2025-08-14 16:30:00,476 - db_helper - INFO - fetch_expense_for_date called with 2024-08-01
2025-08-14 18:14:17,415 - db_helper - INFO - fetch_expense_for_date called with 2024-08-01
2025-08-14 18:14:22,417 - db_helper - INFO - fetch_expense_for_date called with 2024-08-01
2025-08-14 18:14:30,397 - db_helper - INFO - fetch_expense_for_date called with 2024-08-01
2025-08-14 18:14:32,535 - db_helper - INFO - fetch_expense_summary called with start_date: 2024-08-01 end_date: 2024-08-05
2025-08-14 18:14:44,467 - db_helper - INFO - fetch_expense_for_date called with 2024-08-01
2025-08-14 18:15:49,902 - db_helper - INFO - fetch_expense_for_date called with 2024-08-01
2025-08-14 18:17:49,449 - db_helper - INFO - fetch_expense_for_date called with 2024-08-01
2025-08-14 18:20:13,847 - db_helper - INFO - fetch_expense_for_date called with 2024-08-01
2025-08-14 18:20:16,040 - db_helper - INFO - fetch_expense_by_month
